[0;36mTool:  [0mtrain-germline-model
[0;36mTool arguments:  [0m--genome /scratch/ucgd/lustre-work/quinlan/data-shared/constraint-tools/reference/grch38/hg38.analysisSet.fa.gz --build hg38 --mutations /scratch/ucgd/lustre-work/quinlan/data-shared/constraint-tools/gnomad/v3/variants/gnomad_v3.sorted.tsv.gz --number-chromosomes-min 130000 --kmer-size 7 --model /scratch/ucgd/lustre-work/quinlan/u6018199/constraint-tools/dist/model-germline-grch38.windowSize-501.json --work /scratch/ucgd/lustre-work/quinlan/data-shared/constraint-tools/work-train-germline-model-production.windowSize-501 --progress-bars disk --window-size 501 --trustworthy-noncoding-regions /scratch/ucgd/lustre-work/quinlan/u6018199/constraint-tools/dist/trustworthy-noncoding-regions-germline-grch38-train.bed.gz
[0;36mTraining on trustworthy noncoding regions:  [0m/scratch/ucgd/lustre-work/quinlan/u6018199/constraint-tools/dist/trustworthy-noncoding-regions-germline-grch38-train.bed.gz
[0;36mSize of window used to compute singleton number:  [0m501
[0;36mSending progress bars to: [0mdisk
[0;36mFiltering trustworthy noncoding regions...[0m
[0;36m	Remove trustworthy noncoding regions less than: [0m501bp
[0;36m	Remove trustworthy noncoding regions greater than: [0m100000bp
[0;36m	Remove trustworthy noncoding regions on chromosomes X and Y[0m
[0;36m	Filtered trustworthy noncoding regions: [0m/scratch/ucgd/lustre-work/quinlan/data-shared/constraint-tools/work-train-germline-model-production.windowSize-501/trustworthy-noncoding-regions-train.filtered.bed
[0;36mNumber of slurm jobs (tasks):  [0m500
[0;36mNumber of (filtered) trustworthy noncoding regions:  [0m774905
[0;36mNumber of trustworthy noncoding regions per job (task):  [0m1549
[0;36mNumber of trustworthy noncoding regions not used in training:  [0m405
[0;36mSubmitting slurm job array with parent-job name: [0mbatch-regions.window-size-501
[0;36mSlurm log directory: [0m/scratch/ucgd/lustre-work/quinlan/data-shared/constraint-tools/work-train-germline-model-production.windowSize-501/slurm_logs
[0;36mFor each of 500 jobs, aggregate kmer and singleton counts over the regions assigned to each job...[0m
Submitted batch job 5113387
[0;36mNumber of jobs for which counts were obtained:  [0m500/500
[0;36mCombining counts across jobs, and estimating probabilities...[0m
[36mAggregating kmer and singleton counts over jobs using count files:[0m
[90m/scratch/ucgd/lustre-work/quinlan/data-shared/constraint-tools/work-train-germline-model-production.windowSize-501/tmp.n50GHsOCu4/counts.*.json[0m
[36mLogging progress of job aggregation to:[0m
[90m/scratch/ucgd/lustre-work/quinlan/data-shared/constraint-tools/work-train-germline-model-production.windowSize-501/tmp.n50GHsOCu4/progress-bar.log[0m
[36mEstimating probability of observing ALT_state, e.g. {C, T}, given kmer, e.g., AAA, ...[0m
[36mEstimating the probability of observing k singletons, given that a window contains m SNVs...[0m
[36mWriting model to:[0m
[90m/scratch/ucgd/lustre-work/quinlan/u6018199/constraint-tools/dist/model-germline-grch38.windowSize-501.json[0m
[0;36mDeleting tmp directory:  [0m/scratch/ucgd/lustre-work/quinlan/data-shared/constraint-tools/work-train-germline-model-production.windowSize-501/tmp.n50GHsOCu4
[0;36mTraining complete.[0m
